<?xml version="1.0" encoding="UTF-8"?>
<testsuite name="com.bms.cd.CDPlayerTest" tests="2" skipped="0" failures="0" errors="0" timestamp="2017-01-09T20:07:51" hostname="finnr" time="0.004">
  <properties/>
  <testcase name="cdShouldNotBeNull" classname="com.bms.cd.CDPlayerTest" time="0.003"/>
  <testcase name="contextLoads" classname="com.bms.cd.CDPlayerTest" time="0.0"/>
  <system-out><![CDATA[15:07:49.591 [Test worker] DEBUG org.springframework.test.context.junit4.SpringJUnit4ClassRunner - SpringJUnit4ClassRunner constructor called with [class com.bms.cd.CDPlayerTest]
15:07:49.593 [Test worker] DEBUG org.springframework.test.context.BootstrapUtils - Instantiating CacheAwareContextLoaderDelegate from class [org.springframework.test.context.cache.DefaultCacheAwareContextLoaderDelegate]
15:07:49.597 [Test worker] DEBUG org.springframework.test.context.BootstrapUtils - Instantiating BootstrapContext using constructor [public org.springframework.test.context.support.DefaultBootstrapContext(java.lang.Class,org.springframework.test.context.CacheAwareContextLoaderDelegate)]
15:07:49.603 [Test worker] DEBUG org.springframework.test.context.BootstrapUtils - Instantiating TestContextBootstrapper for test class [com.bms.cd.CDPlayerTest] from class [org.springframework.test.context.support.DefaultTestContextBootstrapper]
15:07:49.615 [Test worker] DEBUG org.springframework.test.context.support.DefaultTestContextBootstrapper - Found explicit ContextLoader class [org.springframework.boot.test.SpringApplicationContextLoader] for context configuration attributes [ContextConfigurationAttributes@669fff0f declaringClass = 'com.bms.cd.CDPlayerTest', classes = '{class com.bms.Application}', locations = '{}', inheritLocations = true, initializers = '{}', inheritInitializers = true, name = [null], contextLoaderClass = 'org.springframework.boot.test.SpringApplicationContextLoader']
15:07:49.620 [Test worker] DEBUG org.springframework.test.context.support.AbstractContextLoader - Did not detect default resource location for test class [com.bms.cd.CDPlayerTest]: class path resource [com/bms/cd/CDPlayerTest-context.xml] does not exist
15:07:49.620 [Test worker] DEBUG org.springframework.test.context.support.AbstractContextLoader - Did not detect default resource location for test class [com.bms.cd.CDPlayerTest]: class path resource [com/bms/cd/CDPlayerTestContext.groovy] does not exist
15:07:49.620 [Test worker] INFO org.springframework.test.context.support.AbstractContextLoader - Could not detect default resource locations for test class [com.bms.cd.CDPlayerTest]: no resource found for suffixes {-context.xml, Context.groovy}.
15:07:49.621 [Test worker] DEBUG org.springframework.test.context.support.ActiveProfilesUtils - Could not find an 'annotation declaring class' for annotation type [org.springframework.test.context.ActiveProfiles] and class [com.bms.cd.CDPlayerTest]
15:07:49.624 [Test worker] DEBUG org.springframework.test.context.support.DefaultTestContextBootstrapper - @TestExecutionListeners is not present for class [com.bms.cd.CDPlayerTest]: using defaults.
15:07:49.628 [Test worker] INFO org.springframework.test.context.support.DefaultTestContextBootstrapper - Loaded default TestExecutionListener class names from location [META-INF/spring.factories]: [org.springframework.test.context.web.ServletTestExecutionListener, org.springframework.test.context.support.DirtiesContextBeforeModesTestExecutionListener, org.springframework.test.context.support.DependencyInjectionTestExecutionListener, org.springframework.test.context.support.DirtiesContextTestExecutionListener, org.springframework.test.context.transaction.TransactionalTestExecutionListener, org.springframework.test.context.jdbc.SqlScriptsTestExecutionListener]
15:07:49.639 [Test worker] INFO org.springframework.test.context.support.DefaultTestContextBootstrapper - Using TestExecutionListeners: [org.springframework.test.context.web.ServletTestExecutionListener@5a1839d4, org.springframework.test.context.support.DirtiesContextBeforeModesTestExecutionListener@335284ae, org.springframework.test.context.support.DependencyInjectionTestExecutionListener@1ac30b10, org.springframework.test.context.support.DirtiesContextTestExecutionListener@4627a947, org.springframework.test.context.transaction.TransactionalTestExecutionListener@5deafece, org.springframework.test.context.jdbc.SqlScriptsTestExecutionListener@7aba6629]
15:07:49.640 [Test worker] DEBUG org.springframework.test.annotation.ProfileValueUtils - Retrieved @ProfileValueSourceConfiguration [null] for test class [com.bms.cd.CDPlayerTest]
15:07:49.641 [Test worker] DEBUG org.springframework.test.annotation.ProfileValueUtils - Retrieved ProfileValueSource type [class org.springframework.test.annotation.SystemProfileValueSource] for class [com.bms.cd.CDPlayerTest]
15:07:49.641 [Test worker] DEBUG org.springframework.test.annotation.ProfileValueUtils - Retrieved @ProfileValueSourceConfiguration [null] for test class [com.bms.cd.CDPlayerTest]
15:07:49.641 [Test worker] DEBUG org.springframework.test.annotation.ProfileValueUtils - Retrieved ProfileValueSource type [class org.springframework.test.annotation.SystemProfileValueSource] for class [com.bms.cd.CDPlayerTest]
15:07:49.643 [Test worker] DEBUG org.springframework.test.context.support.AbstractDirtiesContextTestExecutionListener - Before test class: context [DefaultTestContext@3feb0e14 testClass = CDPlayerTest, testInstance = [null], testMethod = [null], testException = [null], mergedContextConfiguration = [MergedContextConfiguration@4a47ba5e testClass = CDPlayerTest, locations = '{}', classes = '{class com.bms.Application}', contextInitializerClasses = '[]', activeProfiles = '{}', propertySourceLocations = '{}', propertySourceProperties = '{}', contextLoader = 'org.springframework.boot.test.SpringApplicationContextLoader', parent = [null]]], class annotated with @DirtiesContext [false] with mode [null].
15:07:49.643 [Test worker] DEBUG org.springframework.test.annotation.ProfileValueUtils - Retrieved @ProfileValueSourceConfiguration [null] for test class [com.bms.cd.CDPlayerTest]
15:07:49.643 [Test worker] DEBUG org.springframework.test.annotation.ProfileValueUtils - Retrieved ProfileValueSource type [class org.springframework.test.annotation.SystemProfileValueSource] for class [com.bms.cd.CDPlayerTest]
15:07:49.644 [Test worker] DEBUG org.springframework.test.context.support.DependencyInjectionTestExecutionListener - Performing dependency injection for test context [[DefaultTestContext@3feb0e14 testClass = CDPlayerTest, testInstance = com.bms.cd.CDPlayerTest@32bfcf33, testMethod = [null], testException = [null], mergedContextConfiguration = [MergedContextConfiguration@4a47ba5e testClass = CDPlayerTest, locations = '{}', classes = '{class com.bms.Application}', contextInitializerClasses = '[]', activeProfiles = '{}', propertySourceLocations = '{}', propertySourceProperties = '{}', contextLoader = 'org.springframework.boot.test.SpringApplicationContextLoader', parent = [null]]]].
15:07:49.687 [Test worker] DEBUG org.springframework.core.env.StandardEnvironment - Adding [systemProperties] PropertySource with lowest search precedence
15:07:49.688 [Test worker] DEBUG org.springframework.core.env.StandardEnvironment - Adding [systemEnvironment] PropertySource with lowest search precedence
15:07:49.688 [Test worker] DEBUG org.springframework.core.env.StandardEnvironment - Initialized StandardEnvironment with PropertySources [systemProperties,systemEnvironment]
15:07:49.689 [Test worker] DEBUG org.springframework.core.env.StandardEnvironment - Adding [integrationTest] PropertySource with search precedence immediately lower than [systemEnvironment]

  .   ____          _            __ _ _
 /\\ / ___'_ __ _ _(_)_ __  __ _ \ \ \ \
( ( )\___ | '_ | '_| | '_ \/ _` | \ \ \ \
 \\/  ___)| |_)| | | | | || (_| |  ) ) ) )
  '  |____| .__|_| |_|_| |_\__, | / / / /
 =========|_|==============|___/=/_/_/_/
 :: Spring Boot ::        (v1.3.6.RELEASE)

2017-01-09 15:07:49.886  INFO 10292 --- [    Test worker] com.bms.cd.CDPlayerTest                  : Starting CDPlayerTest on finnr with PID 10292 (C:\Users\randy\git\tools\spring\gs-rest\build\classes\test started by randy in C:\Users\randy\git\tools\spring\gs-rest)
2017-01-09 15:07:49.886  INFO 10292 --- [    Test worker] com.bms.cd.CDPlayerTest                  : No active profile set, falling back to default profiles: default
2017-01-09 15:07:50.055  INFO 10292 --- [    Test worker] s.c.a.AnnotationConfigApplicationContext : Refreshing org.springframework.context.annotation.AnnotationConfigApplicationContext@6e2e7329: startup date [Mon Jan 09 15:07:50 EST 2017]; root of context hierarchy
2017-01-09 15:07:51.022  INFO 10292 --- [    Test worker] j.LocalContainerEntityManagerFactoryBean : Building JPA container EntityManagerFactory for persistence unit 'default'
2017-01-09 15:07:51.037  INFO 10292 --- [    Test worker] o.hibernate.jpa.internal.util.LogHelper  : HHH000204: Processing PersistenceUnitInfo [
	name: default
	...]
2017-01-09 15:07:51.082  INFO 10292 --- [    Test worker] org.hibernate.Version                    : HHH000412: Hibernate Core {4.3.11.Final}
2017-01-09 15:07:51.083  INFO 10292 --- [    Test worker] org.hibernate.cfg.Environment            : HHH000206: hibernate.properties not found
2017-01-09 15:07:51.084  INFO 10292 --- [    Test worker] org.hibernate.cfg.Environment            : HHH000021: Bytecode provider name : javassist
2017-01-09 15:07:51.180  INFO 10292 --- [    Test worker] o.hibernate.annotations.common.Version   : HCANN000001: Hibernate Commons Annotations {4.0.5.Final}
2017-01-09 15:07:51.230  INFO 10292 --- [    Test worker] org.hibernate.dialect.Dialect            : HHH000400: Using dialect: org.hibernate.dialect.H2Dialect
2017-01-09 15:07:51.333  INFO 10292 --- [    Test worker] o.h.h.i.ast.ASTQueryTranslatorFactory    : HHH000397: Using ASTQueryTranslatorFactory
2017-01-09 15:07:51.469  INFO 10292 --- [    Test worker] org.hibernate.tool.hbm2ddl.SchemaExport  : HHH000227: Running hbm2ddl schema export
2017-01-09 15:07:51.474  INFO 10292 --- [    Test worker] org.hibernate.tool.hbm2ddl.SchemaExport  : HHH000230: Schema export complete
2017-01-09 15:07:51.993  INFO 10292 --- [    Test worker] com.bms.cd.CDPlayerTest                  : Started CDPlayerTest in 2.303 seconds (JVM running for 2.791)
Playing Sgt. Pepper's Lonely Hearts Club Band by The Beatles
]]></system-out>
  <system-err><![CDATA[]]></system-err>
</testsuite>
