<?xml version="1.0" encoding="UTF-8"?>
<testsuite name="com.bms.cd.CDPlayerTest" tests="1" skipped="0" failures="0" errors="0" timestamp="2016-09-23T13:09:12" hostname="mla795" time="0.001">
  <properties/>
  <testcase name="cdShouldNotBeNull" classname="com.bms.cd.CDPlayerTest" time="0.001"/>
  <system-out><![CDATA[09:09:11.705 [Test worker] DEBUG org.springframework.test.context.junit4.SpringJUnit4ClassRunner - SpringJUnit4ClassRunner constructor called with [class com.bms.cd.CDPlayerTest]
09:09:11.709 [Test worker] DEBUG org.springframework.test.context.BootstrapUtils - Instantiating CacheAwareContextLoaderDelegate from class [org.springframework.test.context.cache.DefaultCacheAwareContextLoaderDelegate]
09:09:11.712 [Test worker] DEBUG org.springframework.test.context.BootstrapUtils - Instantiating BootstrapContext using constructor [public org.springframework.test.context.support.DefaultBootstrapContext(java.lang.Class,org.springframework.test.context.CacheAwareContextLoaderDelegate)]
09:09:11.719 [Test worker] DEBUG org.springframework.test.context.BootstrapUtils - Instantiating TestContextBootstrapper for test class [com.bms.cd.CDPlayerTest] from class [org.springframework.test.context.support.DefaultTestContextBootstrapper]
09:09:11.733 [Test worker] DEBUG org.springframework.test.context.support.DefaultTestContextBootstrapper - Found explicit ContextLoader class [org.springframework.boot.test.SpringApplicationContextLoader] for context configuration attributes [ContextConfigurationAttributes@45e86e17 declaringClass = 'com.bms.cd.CDPlayerTest', classes = '{class com.bms.Application}', locations = '{}', inheritLocations = true, initializers = '{}', inheritInitializers = true, name = [null], contextLoaderClass = 'org.springframework.boot.test.SpringApplicationContextLoader']
09:09:11.738 [Test worker] DEBUG org.springframework.test.context.support.AbstractContextLoader - Did not detect default resource location for test class [com.bms.cd.CDPlayerTest]: class path resource [com/bms/cd/CDPlayerTest-context.xml] does not exist
09:09:11.738 [Test worker] DEBUG org.springframework.test.context.support.AbstractContextLoader - Did not detect default resource location for test class [com.bms.cd.CDPlayerTest]: class path resource [com/bms/cd/CDPlayerTestContext.groovy] does not exist
09:09:11.738 [Test worker] INFO org.springframework.test.context.support.AbstractContextLoader - Could not detect default resource locations for test class [com.bms.cd.CDPlayerTest]: no resource found for suffixes {-context.xml, Context.groovy}.
09:09:11.740 [Test worker] DEBUG org.springframework.test.context.support.ActiveProfilesUtils - Could not find an 'annotation declaring class' for annotation type [org.springframework.test.context.ActiveProfiles] and class [com.bms.cd.CDPlayerTest]
09:09:11.742 [Test worker] DEBUG org.springframework.test.context.support.DefaultTestContextBootstrapper - @TestExecutionListeners is not present for class [com.bms.cd.CDPlayerTest]: using defaults.
09:09:11.747 [Test worker] INFO org.springframework.test.context.support.DefaultTestContextBootstrapper - Loaded default TestExecutionListener class names from location [META-INF/spring.factories]: [org.springframework.test.context.web.ServletTestExecutionListener, org.springframework.test.context.support.DirtiesContextBeforeModesTestExecutionListener, org.springframework.test.context.support.DependencyInjectionTestExecutionListener, org.springframework.test.context.support.DirtiesContextTestExecutionListener, org.springframework.test.context.transaction.TransactionalTestExecutionListener, org.springframework.test.context.jdbc.SqlScriptsTestExecutionListener]
09:09:11.752 [Test worker] INFO org.springframework.test.context.support.DefaultTestContextBootstrapper - Could not instantiate TestExecutionListener [org.springframework.test.context.jdbc.SqlScriptsTestExecutionListener]. Specify custom listener classes or make the default listener classes (and their required dependencies) available. Offending class: [org/springframework/transaction/interceptor/TransactionAttribute]
09:09:11.753 [Test worker] INFO org.springframework.test.context.support.DefaultTestContextBootstrapper - Could not instantiate TestExecutionListener [org.springframework.test.context.transaction.TransactionalTestExecutionListener]. Specify custom listener classes or make the default listener classes (and their required dependencies) available. Offending class: [org/springframework/transaction/interceptor/TransactionAttributeSource]
09:09:11.754 [Test worker] INFO org.springframework.test.context.support.DefaultTestContextBootstrapper - Using TestExecutionListeners: [org.springframework.test.context.web.ServletTestExecutionListener@45c8dee8, org.springframework.test.context.support.DirtiesContextBeforeModesTestExecutionListener@7ef54bd8, org.springframework.test.context.support.DependencyInjectionTestExecutionListener@7a1823ca, org.springframework.test.context.support.DirtiesContextTestExecutionListener@1f21a9e9]
09:09:11.756 [Test worker] DEBUG org.springframework.test.annotation.ProfileValueUtils - Retrieved @ProfileValueSourceConfiguration [null] for test class [com.bms.cd.CDPlayerTest]
09:09:11.756 [Test worker] DEBUG org.springframework.test.annotation.ProfileValueUtils - Retrieved ProfileValueSource type [class org.springframework.test.annotation.SystemProfileValueSource] for class [com.bms.cd.CDPlayerTest]
09:09:11.756 [Test worker] DEBUG org.springframework.test.annotation.ProfileValueUtils - Retrieved @ProfileValueSourceConfiguration [null] for test class [com.bms.cd.CDPlayerTest]
09:09:11.757 [Test worker] DEBUG org.springframework.test.annotation.ProfileValueUtils - Retrieved ProfileValueSource type [class org.springframework.test.annotation.SystemProfileValueSource] for class [com.bms.cd.CDPlayerTest]
09:09:11.759 [Test worker] DEBUG org.springframework.test.context.support.AbstractDirtiesContextTestExecutionListener - Before test class: context [DefaultTestContext@688d85b1 testClass = CDPlayerTest, testInstance = [null], testMethod = [null], testException = [null], mergedContextConfiguration = [MergedContextConfiguration@728a8e5c testClass = CDPlayerTest, locations = '{}', classes = '{class com.bms.Application}', contextInitializerClasses = '[]', activeProfiles = '{}', propertySourceLocations = '{}', propertySourceProperties = '{}', contextLoader = 'org.springframework.boot.test.SpringApplicationContextLoader', parent = [null]]], class annotated with @DirtiesContext [false] with mode [null].
09:09:11.759 [Test worker] DEBUG org.springframework.test.annotation.ProfileValueUtils - Retrieved @ProfileValueSourceConfiguration [null] for test class [com.bms.cd.CDPlayerTest]
09:09:11.760 [Test worker] DEBUG org.springframework.test.annotation.ProfileValueUtils - Retrieved ProfileValueSource type [class org.springframework.test.annotation.SystemProfileValueSource] for class [com.bms.cd.CDPlayerTest]
09:09:11.761 [Test worker] DEBUG org.springframework.test.context.support.DependencyInjectionTestExecutionListener - Performing dependency injection for test context [[DefaultTestContext@688d85b1 testClass = CDPlayerTest, testInstance = com.bms.cd.CDPlayerTest@491ef52, testMethod = [null], testException = [null], mergedContextConfiguration = [MergedContextConfiguration@728a8e5c testClass = CDPlayerTest, locations = '{}', classes = '{class com.bms.Application}', contextInitializerClasses = '[]', activeProfiles = '{}', propertySourceLocations = '{}', propertySourceProperties = '{}', contextLoader = 'org.springframework.boot.test.SpringApplicationContextLoader', parent = [null]]]].
09:09:11.803 [Test worker] DEBUG org.springframework.core.env.StandardEnvironment - Adding [systemProperties] PropertySource with lowest search precedence
09:09:11.804 [Test worker] DEBUG org.springframework.core.env.StandardEnvironment - Adding [systemEnvironment] PropertySource with lowest search precedence
09:09:11.805 [Test worker] DEBUG org.springframework.core.env.StandardEnvironment - Initialized StandardEnvironment with PropertySources [systemProperties,systemEnvironment]
09:09:11.806 [Test worker] DEBUG org.springframework.core.env.StandardEnvironment - Adding [integrationTest] PropertySource with search precedence immediately lower than [systemEnvironment]

  .   ____          _            __ _ _
 /\\ / ___'_ __ _ _(_)_ __  __ _ \ \ \ \
( ( )\___ | '_ | '_| | '_ \/ _` | \ \ \ \
 \\/  ___)| |_)| | | | | || (_| |  ) ) ) )
  '  |____| .__|_| |_|_| |_\__, | / / / /
 =========|_|==============|___/=/_/_/_/
 :: Spring Boot ::        (v1.3.6.RELEASE)

2016-09-23 09:09:11.989  INFO 43377 --- [    Test worker] com.bms.cd.CDPlayerTest                  : Starting CDPlayerTest on mla795 with PID 43377 (/Users/razing/git/tools/spring/gs-rest/build/classes/test started by razing in /Users/razing/git/tools/spring/gs-rest)
2016-09-23 09:09:11.989  INFO 43377 --- [    Test worker] com.bms.cd.CDPlayerTest                  : No active profile set, falling back to default profiles: default
2016-09-23 09:09:12.026  INFO 43377 --- [    Test worker] s.c.a.AnnotationConfigApplicationContext : Refreshing org.springframework.context.annotation.AnnotationConfigApplicationContext@f805a43: startup date [Fri Sep 23 09:09:12 EDT 2016]; root of context hierarchy
2016-09-23 09:09:12.697  INFO 43377 --- [    Test worker] com.bms.cd.CDPlayerTest                  : Started CDPlayerTest in 0.889 seconds (JVM running for 1.375)
Playing Sgt. Pepper's Lonely Hearts Club Band by The Beatles
]]></system-out>
  <system-err><![CDATA[]]></system-err>
</testsuite>
